# JRE version: OpenJDK Runtime Environment (8.0_242-b01) (build 1.8.0_242-release-1644-b01)
# Java VM: OpenJDK 64-Bit Server VM (25.242-b01 mixed mode windows-amd64 compressed oops)
Heap:
 PSYoungGen      total 178688K, used 39500K [0x00000000d5580000, 0x00000000e1380000, 0x0000000100000000)
  eden space 165376K, 15% used [0x00000000d5580000,0x00000000d6f19e90,0x00000000df700000)
  from space 13312K, 99% used [0x00000000df980000,0x00000000e0679310,0x00000000e0680000)
  to   space 10240K, 0% used [0x00000000e0980000,0x00000000e0980000,0x00000000e1380000)
 ParOldGen       total 77312K, used 30504K [0x0000000080000000, 0x0000000084b80000, 0x00000000d5580000)
  object space 77312K, 39% used [0x0000000080000000,0x0000000081dca218,0x0000000084b80000)
 Metaspace       used 56595K, capacity 58968K, committed 59160K, reserved 1099776K
  class space    used 7740K, capacity 8241K, committed 8368K, reserved 1048576K
GC Heap History (10 events):
Event: 3.989 GC heap before
{Heap before GC invocations=9 (full 1):
 PSYoungGen      total 75776K, used 65024K [0x00000000d5580000, 0x00000000de980000, 0x0000000100000000)
  eden space 65024K, 100% used [0x00000000d5580000,0x00000000d9500000,0x00000000d9500000)
  from space 10752K, 0% used [0x00000000d9500000,0x00000000d9500000,0x00000000d9f80000)
  to   space 10752K, 0% used [0x00000000ddf00000,0x00000000ddf00000,0x00000000de980000)
 ParOldGen       total 49152K, used 6757K [0x0000000080000000, 0x0000000083000000, 0x00000000d5580000)
  object space 49152K, 13% used [0x0000000080000000,0x00000000806997f0,0x0000000083000000)
 Metaspace       used 28659K, capacity 29524K, committed 29616K, reserved 1075200K
  class space    used 3970K, capacity 4220K, committed 4272K, reserved 1048576K
Event: 3.998 GC heap after
Heap after GC invocations=9 (full 1):
 PSYoungGen      total 125952K, used 8280K [0x00000000d5580000, 0x00000000de780000, 0x0000000100000000)
  eden space 117248K, 0% used [0x00000000d5580000,0x00000000d5580000,0x00000000dc800000)
  from space 8704K, 95% used [0x00000000ddf00000,0x00000000de7161f0,0x00000000de780000)
  to   space 11264K, 0% used [0x00000000dd180000,0x00000000dd180000,0x00000000ddc80000)
 ParOldGen       total 49152K, used 6765K [0x0000000080000000, 0x0000000083000000, 0x00000000d5580000)
  object space 49152K, 13% used [0x0000000080000000,0x000000008069b7f0,0x0000000083000000)
 Metaspace       used 28659K, capacity 29524K, committed 29616K, reserved 1075200K
  class space    used 3970K, capacity 4220K, committed 4272K, reserved 1048576K
}
Event: 4.794 GC heap before
{Heap before GC invocations=10 (full 1):
 PSYoungGen      total 125952K, used 102158K [0x00000000d5580000, 0x00000000de780000, 0x0000000100000000)
  eden space 117248K, 80% used [0x00000000d5580000,0x00000000db12d750,0x00000000dc800000)
  from space 8704K, 95% used [0x00000000ddf00000,0x00000000de7161f0,0x00000000de780000)
  to   space 11264K, 0% used [0x00000000dd180000,0x00000000dd180000,0x00000000ddc80000)
 ParOldGen       total 49152K, used 6765K [0x0000000080000000, 0x0000000083000000, 0x00000000d5580000)
  object space 49152K, 13% used [0x0000000080000000,0x000000008069b7f0,0x0000000083000000)
 Metaspace       used 34272K, capacity 35398K, committed 35496K, reserved 1079296K
  class space    used 4713K, capacity 5002K, committed 5040K, reserved 1048576K
Event: 4.803 GC heap after
Heap after GC invocations=10 (full 1):
 PSYoungGen      total 138240K, used 11122K [0x00000000d5580000, 0x00000000e1600000, 0x0000000100000000)
  eden space 126976K, 0% used [0x00000000d5580000,0x00000000d5580000,0x00000000dd180000)
  from space 11264K, 98% used [0x00000000dd180000,0x00000000ddc5cb38,0x00000000ddc80000)
  to   space 12800K, 0% used [0x00000000e0980000,0x00000000e0980000,0x00000000e1600000)
 ParOldGen       total 49152K, used 6773K [0x0000000080000000, 0x0000000083000000, 0x00000000d5580000)
  object space 49152K, 13% used [0x0000000080000000,0x000000008069d7f0,0x0000000083000000)
 Metaspace       used 34272K, capacity 35398K, committed 35496K, reserved 1079296K
  class space    used 4713K, capacity 5002K, committed 5040K, reserved 1048576K
}
Event: 4.803 GC heap before
{Heap before GC invocations=11 (full 2):
 PSYoungGen      total 138240K, used 11122K [0x00000000d5580000, 0x00000000e1600000, 0x0000000100000000)
  eden space 126976K, 0% used [0x00000000d5580000,0x00000000d5580000,0x00000000dd180000)
  from space 11264K, 98% used [0x00000000dd180000,0x00000000ddc5cb38,0x00000000ddc80000)
  to   space 12800K, 0% used [0x00000000e0980000,0x00000000e0980000,0x00000000e1600000)
 ParOldGen       total 49152K, used 6773K [0x0000000080000000, 0x0000000083000000, 0x00000000d5580000)
  object space 49152K, 13% used [0x0000000080000000,0x000000008069d7f0,0x0000000083000000)
 Metaspace       used 34272K, capacity 35398K, committed 35496K, reserved 1079296K
  class space    used 4713K, capacity 5002K, committed 5040K, reserved 1048576K
Event: 4.886 GC heap after
Heap after GC invocations=11 (full 2):
 PSYoungGen      total 138240K, used 0K [0x00000000d5580000, 0x00000000e1600000, 0x0000000100000000)
  eden space 126976K, 0% used [0x00000000d5580000,0x00000000d5580000,0x00000000dd180000)
  from space 11264K, 0% used [0x00000000dd180000,0x00000000dd180000,0x00000000ddc80000)
  to   space 12800K, 0% used [0x00000000e0980000,0x00000000e0980000,0x00000000e1600000)
 ParOldGen       total 77312K, used 17257K [0x0000000080000000, 0x0000000084b80000, 0x00000000d5580000)
  object space 77312K, 22% used [0x0000000080000000,0x00000000810da790,0x0000000084b80000)
 Metaspace       used 34272K, capacity 35398K, committed 35496K, reserved 1079296K
  class space    used 4713K, capacity 5002K, committed 5040K, reserved 1048576K
}
Event: 5.990 GC heap before
{Heap before GC invocations=12 (full 2):
 PSYoungGen      total 138240K, used 126976K [0x00000000d5580000, 0x00000000e1600000, 0x0000000100000000)
  eden space 126976K, 100% used [0x00000000d5580000,0x00000000dd180000,0x00000000dd180000)
  from space 11264K, 0% used [0x00000000dd180000,0x00000000dd180000,0x00000000ddc80000)
  to   space 12800K, 0% used [0x00000000e0980000,0x00000000e0980000,0x00000000e1600000)
 ParOldGen       total 77312K, used 17257K [0x0000000080000000, 0x0000000084b80000, 0x00000000d5580000)
  object space 77312K, 22% used [0x0000000080000000,0x00000000810da790,0x0000000084b80000)
 Metaspace       used 39254K, capacity 41034K, committed 41256K, reserved 1085440K
  class space    used 5417K, capacity 5818K, committed 5936K, reserved 1048576K
Event: 5.997 GC heap after
Heap after GC invocations=12 (full 2):
 PSYoungGen      total 175616K, used 9827K [0x00000000d5580000, 0x00000000e1380000, 0x0000000100000000)
  eden space 165376K, 0% used [0x00000000d5580000,0x00000000d5580000,0x00000000df700000)
  from space 10240K, 95% used [0x00000000e0980000,0x00000000e1318f68,0x00000000e1380000)
  to   space 13312K, 0% used [0x00000000df980000,0x00000000df980000,0x00000000e0680000)
 ParOldGen       total 77312K, used 17265K [0x0000000080000000, 0x0000000084b80000, 0x00000000d5580000)
  object space 77312K, 22% used [0x0000000080000000,0x00000000810dc790,0x0000000084b80000)
 Metaspace       used 39254K, capacity 41034K, committed 41256K, reserved 1085440K
  class space    used 5417K, capacity 5818K, committed 5936K, reserved 1048576K
}
Event: 8.211 GC heap before
{Heap before GC invocations=13 (full 2):
 PSYoungGen      total 175616K, used 175203K [0x00000000d5580000, 0x00000000e1380000, 0x0000000100000000)
  eden space 165376K, 100% used [0x00000000d5580000,0x00000000df700000,0x00000000df700000)
  from space 10240K, 95% used [0x00000000e0980000,0x00000000e1318f68,0x00000000e1380000)
  to   space 13312K, 0% used [0x00000000df980000,0x00000000df980000,0x00000000e0680000)
 ParOldGen       total 77312K, used 17265K [0x0000000080000000, 0x0000000084b80000, 0x00000000d5580000)
  object space 77312K, 22% used [0x0000000080000000,0x00000000810dc790,0x0000000084b80000)
 Metaspace       used 54833K, capacity 57118K, committed 57128K, reserved 1097728K
  class space    used 7464K, capacity 7974K, committed 7984K, reserved 1048576K
Event: 8.233 GC heap after
Heap after GC invocations=13 (full 2):
 PSYoungGen      total 178688K, used 13284K [0x00000000d5580000, 0x00000000e1380000, 0x0000000100000000)
  eden space 165376K, 0% used [0x00000000d5580000,0x00000000d5580000,0x00000000df700000)
  from space 13312K, 99% used [0x00000000df980000,0x00000000e0679310,0x00000000e0680000)
  to   space 10240K, 0% used [0x00000000e0980000,0x00000000e0980000,0x00000000e1380000)
 ParOldGen       total 77312K, used 30504K [0x0000000080000000, 0x0000000084b80000, 0x00000000d5580000)
  object space 77312K, 39% used [0x0000000080000000,0x0000000081dca218,0x0000000084b80000)
 Metaspace       used 54833K, capacity 57118K, committed 57128K, reserved 1097728K
  class space    used 7464K, capacity 7974K, committed 7984K, reserved 1048576K
}

