# JRE version: OpenJDK Runtime Environment (8.0_242-b01) (build 1.8.0_242-release-1644-b01)
# Java VM: OpenJDK 64-Bit Server VM (25.242-b01 mixed mode windows-amd64 compressed oops)
Heap:
 PSYoungGen      total 142848K, used 10977K [0x00000000d5580000, 0x00000000dec80000, 0x0000000100000000)
  eden space 131072K, 8% used [0x00000000d5580000,0x00000000d60385b0,0x00000000dd580000)
  from space 11776K, 0% used [0x00000000dd580000,0x00000000dd580000,0x00000000de100000)
  to   space 11264K, 0% used [0x00000000de180000,0x00000000de180000,0x00000000dec80000)
 ParOldGen       total 51712K, used 14147K [0x0000000080000000, 0x0000000083280000, 0x00000000d5580000)
  object space 51712K, 27% used [0x0000000080000000,0x0000000080dd0ea0,0x0000000083280000)
 Metaspace       used 28988K, capacity 29855K, committed 30128K, reserved 1081344K
  class space    used 4017K, capacity 4263K, committed 4272K, reserved 1048576K
GC Heap History (10 events):
Event: 10.215 GC heap before
{Heap before GC invocations=5 (full 0):
 PSYoungGen      total 70656K, used 70655K [0x00000000d5580000, 0x00000000d9f80000, 0x0000000100000000)
  eden space 65536K, 100% used [0x00000000d5580000,0x00000000d9580000,0x00000000d9580000)
  from space 5120K, 99% used [0x00000000d9a80000,0x00000000d9f7fc30,0x00000000d9f80000)
  to   space 5120K, 0% used [0x00000000d9580000,0x00000000d9580000,0x00000000d9a80000)
 ParOldGen       total 86016K, used 3448K [0x0000000080000000, 0x0000000085400000, 0x00000000d5580000)
  object space 86016K, 4% used [0x0000000080000000,0x000000008035e270,0x0000000085400000)
 Metaspace       used 20421K, capacity 21116K, committed 21248K, reserved 1067008K
  class space    used 2846K, capacity 3044K, committed 3072K, reserved 1048576K
Event: 10.233 GC heap after
Heap after GC invocations=5 (full 0):
 PSYoungGen      total 70656K, used 5088K [0x00000000d5580000, 0x00000000ded80000, 0x0000000100000000)
  eden space 65536K, 0% used [0x00000000d5580000,0x00000000d5580000,0x00000000d9580000)
  from space 5120K, 99% used [0x00000000d9580000,0x00000000d9a78030,0x00000000d9a80000)
  to   space 12288K, 0% used [0x00000000de180000,0x00000000de180000,0x00000000ded80000)
 ParOldGen       total 86016K, used 9996K [0x0000000080000000, 0x0000000085400000, 0x00000000d5580000)
  object space 86016K, 11% used [0x0000000080000000,0x00000000809c3388,0x0000000085400000)
 Metaspace       used 20421K, capacity 21116K, committed 21248K, reserved 1067008K
  class space    used 2846K, capacity 3044K, committed 3072K, reserved 1048576K
}
Event: 10.294 GC heap before
{Heap before GC invocations=6 (full 0):
 PSYoungGen      total 70656K, used 10009K [0x00000000d5580000, 0x00000000ded80000, 0x0000000100000000)
  eden space 65536K, 7% used [0x00000000d5580000,0x00000000d5a4e528,0x00000000d9580000)
  from space 5120K, 99% used [0x00000000d9580000,0x00000000d9a78030,0x00000000d9a80000)
  to   space 12288K, 0% used [0x00000000de180000,0x00000000de180000,0x00000000ded80000)
 ParOldGen       total 86016K, used 9996K [0x0000000080000000, 0x0000000085400000, 0x00000000d5580000)
  object space 86016K, 11% used [0x0000000080000000,0x00000000809c3388,0x0000000085400000)
 Metaspace       used 20594K, capacity 21212K, committed 21296K, reserved 1067008K
  class space    used 2876K, capacity 3076K, committed 3120K, reserved 1048576K
Event: 10.306 GC heap after
Heap after GC invocations=6 (full 0):
 PSYoungGen      total 142336K, used 5284K [0x00000000d5580000, 0x00000000dec80000, 0x0000000100000000)
  eden space 131072K, 0% used [0x00000000d5580000,0x00000000d5580000,0x00000000dd580000)
  from space 11264K, 46% used [0x00000000de180000,0x00000000de6a9050,0x00000000dec80000)
  to   space 11776K, 0% used [0x00000000dd580000,0x00000000dd580000,0x00000000de100000)
 ParOldGen       total 86016K, used 10004K [0x0000000080000000, 0x0000000085400000, 0x00000000d5580000)
  object space 86016K, 11% used [0x0000000080000000,0x00000000809c5388,0x0000000085400000)
 Metaspace       used 20594K, capacity 21212K, committed 21296K, reserved 1067008K
  class space    used 2876K, capacity 3076K, committed 3120K, reserved 1048576K
}
Event: 10.306 GC heap before
{Heap before GC invocations=7 (full 1):
 PSYoungGen      total 142336K, used 5284K [0x00000000d5580000, 0x00000000dec80000, 0x0000000100000000)
  eden space 131072K, 0% used [0x00000000d5580000,0x00000000d5580000,0x00000000dd580000)
  from space 11264K, 46% used [0x00000000de180000,0x00000000de6a9050,0x00000000dec80000)
  to   space 11776K, 0% used [0x00000000dd580000,0x00000000dd580000,0x00000000de100000)
 ParOldGen       total 86016K, used 10004K [0x0000000080000000, 0x0000000085400000, 0x00000000d5580000)
  object space 86016K, 11% used [0x0000000080000000,0x00000000809c5388,0x0000000085400000)
 Metaspace       used 20594K, capacity 21212K, committed 21296K, reserved 1067008K
  class space    used 2876K, capacity 3076K, committed 3120K, reserved 1048576K
Event: 10.414 GC heap after
Heap after GC invocations=7 (full 1):
 PSYoungGen      total 142336K, used 0K [0x00000000d5580000, 0x00000000dec80000, 0x0000000100000000)
  eden space 131072K, 0% used [0x00000000d5580000,0x00000000d5580000,0x00000000dd580000)
  from space 11264K, 0% used [0x00000000de180000,0x00000000de180000,0x00000000dec80000)
  to   space 11776K, 0% used [0x00000000dd580000,0x00000000dd580000,0x00000000de100000)
 ParOldGen       total 51712K, used 6782K [0x0000000080000000, 0x0000000083280000, 0x00000000d5580000)
  object space 51712K, 13% used [0x0000000080000000,0x000000008069fb40,0x0000000083280000)
 Metaspace       used 20594K, capacity 21212K, committed 21296K, reserved 1067008K
  class space    used 2876K, capacity 3076K, committed 3120K, reserved 1048576K
}
Event: 14.519 GC heap before
{Heap before GC invocations=8 (full 1):
 PSYoungGen      total 142336K, used 62219K [0x00000000d5580000, 0x00000000dec80000, 0x0000000100000000)
  eden space 131072K, 47% used [0x00000000d5580000,0x00000000d9242c28,0x00000000dd580000)
  from space 11264K, 0% used [0x00000000de180000,0x00000000de180000,0x00000000dec80000)
  to   space 11776K, 0% used [0x00000000dd580000,0x00000000dd580000,0x00000000de100000)
 ParOldGen       total 51712K, used 6782K [0x0000000080000000, 0x0000000083280000, 0x00000000d5580000)
  object space 51712K, 13% used [0x0000000080000000,0x000000008069fb40,0x0000000083280000)
 Metaspace       used 28372K, capacity 29161K, committed 29232K, reserved 1079296K
  class space    used 3920K, capacity 4144K, committed 4144K, reserved 1048576K
Event: 14.534 GC heap after
Heap after GC invocations=8 (full 1):
 PSYoungGen      total 142848K, used 8037K [0x00000000d5580000, 0x00000000dec80000, 0x0000000100000000)
  eden space 131072K, 0% used [0x00000000d5580000,0x00000000d5580000,0x00000000dd580000)
  from space 11776K, 68% used [0x00000000dd580000,0x00000000ddd59708,0x00000000de100000)
  to   space 11264K, 0% used [0x00000000de180000,0x00000000de180000,0x00000000dec80000)
 ParOldGen       total 51712K, used 6790K [0x0000000080000000, 0x0000000083280000, 0x00000000d5580000)
  object space 51712K, 13% used [0x0000000080000000,0x00000000806a1b40,0x0000000083280000)
 Metaspace       used 28372K, capacity 29161K, committed 29232K, reserved 1079296K
  class space    used 3920K, capacity 4144K, committed 4144K, reserved 1048576K
}
Event: 14.534 GC heap before
{Heap before GC invocations=9 (full 2):
 PSYoungGen      total 142848K, used 8037K [0x00000000d5580000, 0x00000000dec80000, 0x0000000100000000)
  eden space 131072K, 0% used [0x00000000d5580000,0x00000000d5580000,0x00000000dd580000)
  from space 11776K, 68% used [0x00000000dd580000,0x00000000ddd59708,0x00000000de100000)
  to   space 11264K, 0% used [0x00000000de180000,0x00000000de180000,0x00000000dec80000)
 ParOldGen       total 51712K, used 6790K [0x0000000080000000, 0x0000000083280000, 0x00000000d5580000)
  object space 51712K, 13% used [0x0000000080000000,0x00000000806a1b40,0x0000000083280000)
 Metaspace       used 28372K, capacity 29161K, committed 29232K, reserved 1079296K
  class space    used 3920K, capacity 4144K, committed 4144K, reserved 1048576K
Event: 14.596 GC heap after
Heap after GC invocations=9 (full 2):
 PSYoungGen      total 142848K, used 0K [0x00000000d5580000, 0x00000000dec80000, 0x0000000100000000)
  eden space 131072K, 0% used [0x00000000d5580000,0x00000000d5580000,0x00000000dd580000)
  from space 11776K, 0% used [0x00000000dd580000,0x00000000dd580000,0x00000000de100000)
  to   space 11264K, 0% used [0x00000000de180000,0x00000000de180000,0x00000000dec80000)
 ParOldGen       total 51712K, used 14147K [0x0000000080000000, 0x0000000083280000, 0x00000000d5580000)
  object space 51712K, 27% used [0x0000000080000000,0x0000000080dd0ea0,0x0000000083280000)
 Metaspace       used 28372K, capacity 29161K, committed 29232K, reserved 1079296K
  class space    used 3920K, capacity 4144K, committed 4144K, reserved 1048576K
}

